{"synthetic": false,
 "schemaVersion": "2025-09-10",
 "outputs":
 {"o": ["a1758e060793bb64.olean"],
  "m": false,
  "i": "c4fcbfee1e8ca82c.ilean",
  "c": "78c2336bc3e9cb94.c"},
 "log":
 [{"message":
   ".> LEAN_PATH=/home/igor/ComputerScience/Props2Theories/.lake/build/lib/lean /home/igor/.elan/toolchains/leanprover--lean4---v4.30.0-rc2/bin/lean /home/igor/ComputerScience/Props2Theories/Props2Theories/A_Logic/A_Props/Task.lean -o /home/igor/ComputerScience/Props2Theories/.lake/build/lib/lean/Props2Theories/A_Logic/A_Props/Task.olean -i /home/igor/ComputerScience/Props2Theories/.lake/build/lib/lean/Props2Theories/A_Logic/A_Props/Task.ilean -c /home/igor/ComputerScience/Props2Theories/.lake/build/ir/Props2Theories/A_Logic/A_Props/Task.c --setup /home/igor/ComputerScience/Props2Theories/.lake/build/ir/Props2Theories/A_Logic/A_Props/Task.setup.json --json",
   "level": "trace"},
  {"message":
   "Props2Theories/A_Logic/A_Props/Task.lean:4:8: declaration uses `sorry`",
   "level": "warning"},
  {"message":
   "Props2Theories/A_Logic/A_Props/Task.lean:5:8: declaration uses `sorry`",
   "level": "warning"},
  {"message":
   "Props2Theories/A_Logic/A_Props/Task.lean:6:8: declaration uses `sorry`",
   "level": "warning"},
  {"message":
   "Props2Theories/A_Logic/A_Props/Task.lean:7:8: declaration uses `sorry`",
   "level": "warning"},
  {"message":
   "Props2Theories/A_Logic/A_Props/Task.lean:8:8: declaration uses `sorry`",
   "level": "warning"},
  {"message":
   "Props2Theories/A_Logic/A_Props/Task.lean:9:8: declaration uses `sorry`",
   "level": "warning"},
  {"message":
   "Props2Theories/A_Logic/A_Props/Task.lean:10:8: declaration uses `sorry`",
   "level": "warning"},
  {"message":
   "Props2Theories/A_Logic/A_Props/Task.lean:11:8: declaration uses `sorry`",
   "level": "warning"},
  {"message":
   "Props2Theories/A_Logic/A_Props/Task.lean:12:8: declaration uses `sorry`",
   "level": "warning"},
  {"message":
   "Props2Theories/A_Logic/A_Props/Task.lean:13:8: declaration uses `sorry`",
   "level": "warning"},
  {"message":
   "Props2Theories/A_Logic/A_Props/Task.lean:17:8: declaration uses `sorry`",
   "level": "warning"},
  {"message":
   "Props2Theories/A_Logic/A_Props/Task.lean:18:8: declaration uses `sorry`",
   "level": "warning"},
  {"message":
   "Props2Theories/A_Logic/A_Props/Task.lean:19:8: declaration uses `sorry`",
   "level": "warning"},
  {"message":
   "Props2Theories/A_Logic/A_Props/Task.lean:20:8: declaration uses `sorry`",
   "level": "warning"},
  {"message":
   "Props2Theories/A_Logic/A_Props/Task.lean:24:8: declaration uses `sorry`",
   "level": "warning"},
  {"message":
   "Props2Theories/A_Logic/A_Props/Task.lean:25:8: declaration uses `sorry`",
   "level": "warning"},
  {"message":
   "Props2Theories/A_Logic/A_Props/Task.lean:29:8: declaration uses `sorry`",
   "level": "warning"},
  {"message":
   "Props2Theories/A_Logic/A_Props/Task.lean:30:8: declaration uses `sorry`",
   "level": "warning"},
  {"message":
   "Props2Theories/A_Logic/A_Props/Task.lean:31:8: declaration uses `sorry`",
   "level": "warning"},
  {"message":
   "Props2Theories/A_Logic/A_Props/Task.lean:32:8: declaration uses `sorry`",
   "level": "warning"},
  {"message":
   "Props2Theories/A_Logic/A_Props/Task.lean:33:8: declaration uses `sorry`",
   "level": "warning"},
  {"message":
   "Props2Theories/A_Logic/A_Props/Task.lean:34:8: declaration uses `sorry`",
   "level": "warning"},
  {"message":
   "Props2Theories/A_Logic/A_Props/Task.lean:38:8: declaration uses `sorry`",
   "level": "warning"},
  {"message":
   "Props2Theories/A_Logic/A_Props/Task.lean:39:8: declaration uses `sorry`",
   "level": "warning"},
  {"message":
   "Props2Theories/A_Logic/A_Props/Task.lean:43:8: declaration uses `sorry`",
   "level": "warning"},
  {"message":
   "Props2Theories/A_Logic/A_Props/Task.lean:44:8: declaration uses `sorry`",
   "level": "warning"},
  {"message":
   "Props2Theories/A_Logic/A_Props/Task.lean:48:8: declaration uses `sorry`",
   "level": "warning"},
  {"message":
   "Props2Theories/A_Logic/A_Props/Task.lean:53:8: declaration uses `sorry`",
   "level": "warning"},
  {"message":
   "Props2Theories/A_Logic/A_Props/Task.lean:54:8: declaration uses `sorry`",
   "level": "warning"},
  {"message":
   "Props2Theories/A_Logic/A_Props/Task.lean:58:8: declaration uses `sorry`",
   "level": "warning"},
  {"message":
   "Props2Theories/A_Logic/A_Props/Task.lean:59:8: declaration uses `sorry`",
   "level": "warning"},
  {"message":
   "Props2Theories/A_Logic/A_Props/Task.lean:60:8: declaration uses `sorry`",
   "level": "warning"},
  {"message":
   "Props2Theories/A_Logic/A_Props/Task.lean:64:8: declaration uses `sorry`",
   "level": "warning"},
  {"message":
   "Props2Theories/A_Logic/A_Props/Task.lean:68:8: declaration uses `sorry`",
   "level": "warning"},
  {"message":
   "Props2Theories/A_Logic/A_Props/Task.lean:72:8: declaration uses `sorry`",
   "level": "warning"},
  {"message":
   "Props2Theories/A_Logic/A_Props/Task.lean:76:8: declaration uses `sorry`",
   "level": "warning"},
  {"message":
   "Props2Theories/A_Logic/A_Props/Task.lean:80:8: declaration uses `sorry`",
   "level": "warning"},
  {"message":
   "Props2Theories/A_Logic/A_Props/Task.lean:84:8: declaration uses `sorry`",
   "level": "warning"},
  {"message":
   "Props2Theories/A_Logic/A_Props/Task.lean:85:8: declaration uses `sorry`",
   "level": "warning"},
  {"message":
   "Props2Theories/A_Logic/A_Props/Task.lean:86:8: declaration uses `sorry`",
   "level": "warning"},
  {"message":
   "Props2Theories/A_Logic/A_Props/Task.lean:87:8: declaration uses `sorry`",
   "level": "warning"},
  {"message":
   "Props2Theories/A_Logic/A_Props/Task.lean:88:8: declaration uses `sorry`",
   "level": "warning"},
  {"message":
   "Props2Theories/A_Logic/A_Props/Task.lean:89:8: declaration uses `sorry`",
   "level": "warning"},
  {"message":
   "Props2Theories/A_Logic/A_Props/Task.lean:90:8: declaration uses `sorry`",
   "level": "warning"},
  {"message":
   "Props2Theories/A_Logic/A_Props/Task.lean:91:8: declaration uses `sorry`",
   "level": "warning"},
  {"message":
   "Props2Theories/A_Logic/A_Props/Task.lean:95:8: declaration uses `sorry`",
   "level": "warning"},
  {"message":
   "Props2Theories/A_Logic/A_Props/Task.lean:99:8: declaration uses `sorry`",
   "level": "warning"},
  {"message":
   "Props2Theories/A_Logic/A_Props/Task.lean:103:8: declaration uses `sorry`",
   "level": "warning"},
  {"message":
   "Props2Theories/A_Logic/A_Props/Task.lean:108:8: declaration uses `sorry`",
   "level": "warning"},
  {"message":
   "Props2Theories/A_Logic/A_Props/Task.lean:112:8: declaration uses `sorry`",
   "level": "warning"},
  {"message":
   "Props2Theories/A_Logic/A_Props/Task.lean:116:8: declaration uses `sorry`",
   "level": "warning"},
  {"message":
   "Props2Theories/A_Logic/A_Props/Task.lean:120:8: declaration uses `sorry`",
   "level": "warning"},
  {"message":
   "Props2Theories/A_Logic/A_Props/Task.lean:121:8: declaration uses `sorry`",
   "level": "warning"},
  {"message":
   "Props2Theories/A_Logic/A_Props/Task.lean:122:8: declaration uses `sorry`",
   "level": "warning"},
  {"message":
   "Props2Theories/A_Logic/A_Props/Task.lean:123:8: declaration uses `sorry`",
   "level": "warning"},
  {"message":
   "Props2Theories/A_Logic/A_Props/Task.lean:127:8: declaration uses `sorry`",
   "level": "warning"},
  {"message":
   "Props2Theories/A_Logic/A_Props/Task.lean:131:8: declaration uses `sorry`",
   "level": "warning"},
  {"message":
   "Props2Theories/A_Logic/A_Props/Task.lean:132:8: declaration uses `sorry`",
   "level": "warning"},
  {"message":
   "Props2Theories/A_Logic/A_Props/Task.lean:136:8: declaration uses `sorry`",
   "level": "warning"},
  {"message":
   "Props2Theories/A_Logic/A_Props/Task.lean:140:8: declaration uses `sorry`",
   "level": "warning"},
  {"message":
   "Props2Theories/A_Logic/A_Props/Task.lean:144:8: declaration uses `sorry`",
   "level": "warning"},
  {"message":
   "Props2Theories/A_Logic/A_Props/Task.lean:153:8: declaration uses `sorry`",
   "level": "warning"},
  {"message":
   "Props2Theories/A_Logic/A_Props/Task.lean:154:8: declaration uses `sorry`",
   "level": "warning"},
  {"message":
   "Props2Theories/A_Logic/A_Props/Task.lean:155:8: declaration uses `sorry`",
   "level": "warning"},
  {"message":
   "Props2Theories/A_Logic/A_Props/Task.lean:156:8: declaration uses `sorry`",
   "level": "warning"},
  {"message":
   "Props2Theories/A_Logic/A_Props/Task.lean:157:8: declaration uses `sorry`",
   "level": "warning"},
  {"message":
   "Props2Theories/A_Logic/A_Props/Task.lean:158:8: declaration uses `sorry`",
   "level": "warning"},
  {"message":
   "Props2Theories/A_Logic/A_Props/Task.lean:160:8: declaration uses `sorry`",
   "level": "warning"},
  {"message":
   "Props2Theories/A_Logic/A_Props/Task.lean:161:8: declaration uses `sorry`",
   "level": "warning"},
  {"message":
   "Props2Theories/A_Logic/A_Props/Task.lean:162:8: declaration uses `sorry`",
   "level": "warning"},
  {"message":
   "Props2Theories/A_Logic/A_Props/Task.lean:163:8: declaration uses `sorry`",
   "level": "warning"},
  {"message":
   "Props2Theories/A_Logic/A_Props/Task.lean:164:8: declaration uses `sorry`",
   "level": "warning"},
  {"message":
   "Props2Theories/A_Logic/A_Props/Task.lean:165:8: declaration uses `sorry`",
   "level": "warning"},
  {"message":
   "Props2Theories/A_Logic/A_Props/Task.lean:166:8: declaration uses `sorry`",
   "level": "warning"},
  {"message":
   "Props2Theories/A_Logic/A_Props/Task.lean:167:8: declaration uses `sorry`",
   "level": "warning"}],
 "inputs":
 [["Props2Theories.A_Logic.A_Props.Task:deps",
   [["deps",
     [["Props2Theories/Props2Theories:extraDep",
       [["@Props2Theories:extraDep", "00000000000006bb"]]],
      ["imports",
       [["Props2Theories.TacticNames transitive imports (legacy)",
         "00000000000006bb"],
        ["Props2Theories.TacticNames:importAllArts", "ba5c2407b6bf0f05"]]]]],
    ["libs",
     [["import dynlibs", "00000000000006bb"],
      ["package external libraries", "00000000000006bb"],
      ["module dynlibs", "00000000000006bb"],
      ["module plugins", "00000000000006bb"]]]]],
  ["Lean 4.30.0, commit 3dc1a088b6d2d8eafe25a7cd7ec7b58d731bd7cc",
   "2c8d2623007dfc36"],
  ["/home/igor/ComputerScience/Props2Theories/Props2Theories/A_Logic/A_Props/Task.lean",
   "f8cfd6cd073a8ab3"],
  ["options", "00000000000006bb"],
  ["isModule: false", "feefd2a0d3a1847e"],
  ["Module.name: Props2Theories.A_Logic.A_Props.Task", "23aef66af9caf14f"],
  ["Package.id?: (some Props2Theories)", "bf69640ed8a43e05"],
  ["Module.leanArgs: #[]", "00000000000006bb"]],
 "depHash": "9d3e0cb4fd352798"}