{"synthetic": false,
 "schemaVersion": "2025-09-10",
 "outputs":
 {"o": ["dadde7a0de655e59.olean"],
  "m": false,
  "i": "1d59f26bc6ca1ef7.ilean",
  "c": "aca7829d89fea96c.c"},
 "log":
 [{"message":
   ".> LEAN_PATH=/home/igor/ComputerScience/Props2Theories/.lake/build/lib/lean /home/igor/.elan/toolchains/leanprover--lean4---v4.30.0-rc2/bin/lean /home/igor/ComputerScience/Props2Theories/Props2Theories/Logic/Equality/Task.lean -o /home/igor/ComputerScience/Props2Theories/.lake/build/lib/lean/Props2Theories/Logic/Equality/Task.olean -i /home/igor/ComputerScience/Props2Theories/.lake/build/lib/lean/Props2Theories/Logic/Equality/Task.ilean -c /home/igor/ComputerScience/Props2Theories/.lake/build/ir/Props2Theories/Logic/Equality/Task.c --setup /home/igor/ComputerScience/Props2Theories/.lake/build/ir/Props2Theories/Logic/Equality/Task.setup.json --json",
   "level": "trace"},
  {"message":
   "Props2Theories/Logic/Equality/Task.lean:5:8: declaration uses `sorry`",
   "level": "warning"},
  {"message":
   "Props2Theories/Logic/Equality/Task.lean:6:8: declaration uses `sorry`",
   "level": "warning"},
  {"message":
   "Props2Theories/Logic/Equality/Task.lean:7:8: declaration uses `sorry`",
   "level": "warning"},
  {"message":
   "Props2Theories/Logic/Equality/Task.lean:8:8: declaration uses `sorry`",
   "level": "warning"},
  {"message":
   "Props2Theories/Logic/Equality/Task.lean:9:8: declaration uses `sorry`",
   "level": "warning"},
  {"message":
   "Props2Theories/Logic/Equality/Task.lean:10:8: declaration uses `sorry`",
   "level": "warning"},
  {"message":
   "Props2Theories/Logic/Equality/Task.lean:14:8: declaration uses `sorry`",
   "level": "warning"},
  {"message":
   "Props2Theories/Logic/Equality/Task.lean:15:8: declaration uses `sorry`",
   "level": "warning"},
  {"message":
   "Props2Theories/Logic/Equality/Task.lean:16:8: declaration uses `sorry`",
   "level": "warning"},
  {"message":
   "Props2Theories/Logic/Equality/Task.lean:17:8: declaration uses `sorry`",
   "level": "warning"},
  {"message":
   "Props2Theories/Logic/Equality/Task.lean:18:8: declaration uses `sorry`",
   "level": "warning"},
  {"message":
   "Props2Theories/Logic/Equality/Task.lean:19:8: declaration uses `sorry`",
   "level": "warning"},
  {"message":
   "Props2Theories/Logic/Equality/Task.lean:20:8: declaration uses `sorry`",
   "level": "warning"},
  {"message":
   "Props2Theories/Logic/Equality/Task.lean:21:8: declaration uses `sorry`",
   "level": "warning"},
  {"message":
   "Props2Theories/Logic/Equality/Task.lean:22:8: declaration uses `sorry`",
   "level": "warning"},
  {"message":
   "Props2Theories/Logic/Equality/Task.lean:23:8: declaration uses `sorry`",
   "level": "warning"},
  {"message":
   "Props2Theories/Logic/Equality/Task.lean:24:8: declaration uses `sorry`",
   "level": "warning"},
  {"message":
   "Props2Theories/Logic/Equality/Task.lean:25:8: declaration uses `sorry`",
   "level": "warning"},
  {"message":
   "Props2Theories/Logic/Equality/Task.lean:26:8: declaration uses `sorry`",
   "level": "warning"},
  {"message":
   "Props2Theories/Logic/Equality/Task.lean:27:8: declaration uses `sorry`",
   "level": "warning"},
  {"message":
   "Props2Theories/Logic/Equality/Task.lean:30:8: declaration uses `sorry`",
   "level": "warning"},
  {"message":
   "Props2Theories/Logic/Equality/Task.lean:31:8: declaration uses `sorry`",
   "level": "warning"},
  {"message":
   "Props2Theories/Logic/Equality/Task.lean:32:8: declaration uses `sorry`",
   "level": "warning"},
  {"message":
   "Props2Theories/Logic/Equality/Task.lean:33:8: declaration uses `sorry`",
   "level": "warning"},
  {"message":
   "Props2Theories/Logic/Equality/Task.lean:34:8: declaration uses `sorry`",
   "level": "warning"},
  {"message":
   "Props2Theories/Logic/Equality/Task.lean:38:8: declaration uses `sorry`",
   "level": "warning"},
  {"message":
   "Props2Theories/Logic/Equality/Task.lean:39:8: declaration uses `sorry`",
   "level": "warning"},
  {"message":
   "Props2Theories/Logic/Equality/Task.lean:42:8: declaration uses `sorry`",
   "level": "warning"},
  {"message":
   "Props2Theories/Logic/Equality/Task.lean:44:8: declaration uses `sorry`",
   "level": "warning"},
  {"message":
   "Props2Theories/Logic/Equality/Task.lean:49:8: declaration uses `sorry`",
   "level": "warning"},
  {"message":
   "Props2Theories/Logic/Equality/Task.lean:50:8: declaration uses `sorry`",
   "level": "warning"},
  {"message":
   "Props2Theories/Logic/Equality/Task.lean:51:8: declaration uses `sorry`",
   "level": "warning"},
  {"message":
   "Props2Theories/Logic/Equality/Task.lean:52:8: declaration uses `sorry`",
   "level": "warning"},
  {"message":
   "Props2Theories/Logic/Equality/Task.lean:54:8: declaration uses `sorry`",
   "level": "warning"},
  {"message":
   "Props2Theories/Logic/Equality/Task.lean:55:8: declaration uses `sorry`",
   "level": "warning"}],
 "inputs":
 [["Props2Theories.Logic.Equality.Task:deps",
   [["deps",
     [["Props2Theories/Props2Theories:extraDep",
       [["@Props2Theories:extraDep", "00000000000006bb"]]],
      ["imports",
       [["Props2Theories.Logic.Props.Task transitive imports (legacy)",
         "e17e140f360835d1"],
        ["Props2Theories.Logic.Props.Task:importAllArts", "ce5fbcfc7523f44a"],
        ["Props2Theories.TacticNames transitive imports (legacy)",
         "00000000000006bb"],
        ["Props2Theories.TacticNames:importAllArts", "ba5c2407b6bf0f05"]]]]],
    ["libs",
     [["import dynlibs", "00000000000006bb"],
      ["package external libraries", "00000000000006bb"],
      ["module dynlibs", "00000000000006bb"],
      ["module plugins", "00000000000006bb"]]]]],
  ["Lean 4.30.0, commit 3dc1a088b6d2d8eafe25a7cd7ec7b58d731bd7cc",
   "2c8d2623007dfc36"],
  ["/home/igor/ComputerScience/Props2Theories/Props2Theories/Logic/Equality/Task.lean",
   "286f9614e4327870"],
  ["options", "00000000000006bb"],
  ["isModule: false", "feefd2a0d3a1847e"],
  ["Module.name: Props2Theories.Logic.Equality.Task", "34b0c1d77e59c95b"],
  ["Package.id?: (some Props2Theories)", "bf69640ed8a43e05"],
  ["Module.leanArgs: #[]", "00000000000006bb"]],
 "depHash": "da3751bf330224db"}