{"synthetic": false,
 "schemaVersion": "2025-09-10",
 "outputs":
 {"o": ["3610f6853997fa84.olean"],
  "m": false,
  "i": "2153938fc5c37925.ilean",
  "c": "fe38637e06c2e6e9.c"},
 "log":
 [{"message":
   ".> LEAN_PATH=/home/igor/ComputerScience/Props2Theories/.lake/build/lib/lean /home/igor/.elan/toolchains/leanprover--lean4---v4.30.0-rc2/bin/lean /home/igor/ComputerScience/Props2Theories/Props2Theories/A_Logic/C_Equality/EqualRules.lean -o /home/igor/ComputerScience/Props2Theories/.lake/build/lib/lean/Props2Theories/A_Logic/C_Equality/EqualRules.olean -i /home/igor/ComputerScience/Props2Theories/.lake/build/lib/lean/Props2Theories/A_Logic/C_Equality/EqualRules.ilean -c /home/igor/ComputerScience/Props2Theories/.lake/build/ir/Props2Theories/A_Logic/C_Equality/EqualRules.c --setup /home/igor/ComputerScience/Props2Theories/.lake/build/ir/Props2Theories/A_Logic/C_Equality/EqualRules.setup.json --json",
   "level": "trace"},
  {"message":
   "Props2Theories/A_Logic/C_Equality/EqualRules.lean:142:0: ∀ (T : Type) (P : T → Prop), Props2Theories.exists_unique fun x => P x : Prop",
   "level": "info"},
  {"message":
   "Props2Theories/A_Logic/C_Equality/EqualRules.lean:145:0: def Props2Theories.exists_unique : {T : Type} → (T → Prop) → Prop :=\nfun {T} P => ∃ x, P x ∧ ∀ (y : T), P y → x = y",
   "level": "info"}],
 "inputs":
 [["Props2Theories.A_Logic.C_Equality.EqualRules:deps",
   [["deps",
     [["Props2Theories/Props2Theories:extraDep",
       [["@Props2Theories:extraDep", "00000000000006bb"]]],
      ["imports",
       [["Props2Theories.TacticNames transitive imports (legacy)",
         "00000000000006bb"],
        ["Props2Theories.TacticNames:importAllArts", "ba5c2407b6bf0f05"]]]]],
    ["libs",
     [["import dynlibs", "00000000000006bb"],
      ["package external libraries", "00000000000006bb"],
      ["module dynlibs", "00000000000006bb"],
      ["module plugins", "00000000000006bb"]]]]],
  ["Lean 4.30.0, commit 3dc1a088b6d2d8eafe25a7cd7ec7b58d731bd7cc",
   "2c8d2623007dfc36"],
  ["/home/igor/ComputerScience/Props2Theories/Props2Theories/A_Logic/C_Equality/EqualRules.lean",
   "4a05ab70193b5d01"],
  ["options", "00000000000006bb"],
  ["isModule: false", "feefd2a0d3a1847e"],
  ["Module.name: Props2Theories.A_Logic.C_Equality.EqualRules",
   "58f73fec2735905d"],
  ["Package.id?: (some Props2Theories)", "bf69640ed8a43e05"],
  ["Module.leanArgs: #[]", "00000000000006bb"]],
 "depHash": "4869240499548b62"}