{"synthetic": false,
 "schemaVersion": "2025-09-10",
 "outputs":
 {"o": ["03d6462c2a4c3aed.olean"],
  "i": "f8d0edd29c959b92.ilean",
  "c": "4c64815d6721d6e3.c"},
 "log":
 [{"message":
   ".> LEAN_PATH=/home/igor/ComputerScience/Props2Theories/.lake/build/lib/lean /home/igor/.elan/toolchains/leanprover--lean4---v4.29.1/bin/lean /home/igor/ComputerScience/Props2Theories/Props2Theories/A_Logic/C_Equality/Task.lean -o /home/igor/ComputerScience/Props2Theories/.lake/build/lib/lean/Props2Theories/A_Logic/C_Equality/Task.olean -i /home/igor/ComputerScience/Props2Theories/.lake/build/lib/lean/Props2Theories/A_Logic/C_Equality/Task.ilean -c /home/igor/ComputerScience/Props2Theories/.lake/build/ir/Props2Theories/A_Logic/C_Equality/Task.c --setup /home/igor/ComputerScience/Props2Theories/.lake/build/ir/Props2Theories/A_Logic/C_Equality/Task.setup.json --json",
   "level": "trace"},
  {"message":
   "Props2Theories/A_Logic/C_Equality/Task.lean:5:8: declaration uses `sorry`",
   "level": "warning"},
  {"message":
   "Props2Theories/A_Logic/C_Equality/Task.lean:6:8: declaration uses `sorry`",
   "level": "warning"},
  {"message":
   "Props2Theories/A_Logic/C_Equality/Task.lean:7:8: declaration uses `sorry`",
   "level": "warning"},
  {"message":
   "Props2Theories/A_Logic/C_Equality/Task.lean:8:8: declaration uses `sorry`",
   "level": "warning"},
  {"message":
   "Props2Theories/A_Logic/C_Equality/Task.lean:9:8: declaration uses `sorry`",
   "level": "warning"},
  {"message":
   "Props2Theories/A_Logic/C_Equality/Task.lean:10:8: declaration uses `sorry`",
   "level": "warning"},
  {"message":
   "Props2Theories/A_Logic/C_Equality/Task.lean:14:8: declaration uses `sorry`",
   "level": "warning"},
  {"message":
   "Props2Theories/A_Logic/C_Equality/Task.lean:15:8: declaration uses `sorry`",
   "level": "warning"},
  {"message":
   "Props2Theories/A_Logic/C_Equality/Task.lean:16:8: declaration uses `sorry`",
   "level": "warning"},
  {"message":
   "Props2Theories/A_Logic/C_Equality/Task.lean:17:8: declaration uses `sorry`",
   "level": "warning"},
  {"message":
   "Props2Theories/A_Logic/C_Equality/Task.lean:18:8: declaration uses `sorry`",
   "level": "warning"},
  {"message":
   "Props2Theories/A_Logic/C_Equality/Task.lean:19:8: declaration uses `sorry`",
   "level": "warning"},
  {"message":
   "Props2Theories/A_Logic/C_Equality/Task.lean:20:8: declaration uses `sorry`",
   "level": "warning"},
  {"message":
   "Props2Theories/A_Logic/C_Equality/Task.lean:21:8: declaration uses `sorry`",
   "level": "warning"},
  {"message":
   "Props2Theories/A_Logic/C_Equality/Task.lean:22:8: declaration uses `sorry`",
   "level": "warning"},
  {"message":
   "Props2Theories/A_Logic/C_Equality/Task.lean:23:8: declaration uses `sorry`",
   "level": "warning"},
  {"message":
   "Props2Theories/A_Logic/C_Equality/Task.lean:24:8: declaration uses `sorry`",
   "level": "warning"},
  {"message":
   "Props2Theories/A_Logic/C_Equality/Task.lean:25:8: declaration uses `sorry`",
   "level": "warning"},
  {"message":
   "Props2Theories/A_Logic/C_Equality/Task.lean:26:8: declaration uses `sorry`",
   "level": "warning"},
  {"message":
   "Props2Theories/A_Logic/C_Equality/Task.lean:27:8: declaration uses `sorry`",
   "level": "warning"},
  {"message":
   "Props2Theories/A_Logic/C_Equality/Task.lean:30:8: declaration uses `sorry`",
   "level": "warning"},
  {"message":
   "Props2Theories/A_Logic/C_Equality/Task.lean:31:8: declaration uses `sorry`",
   "level": "warning"},
  {"message":
   "Props2Theories/A_Logic/C_Equality/Task.lean:32:8: declaration uses `sorry`",
   "level": "warning"},
  {"message":
   "Props2Theories/A_Logic/C_Equality/Task.lean:33:8: declaration uses `sorry`",
   "level": "warning"},
  {"message":
   "Props2Theories/A_Logic/C_Equality/Task.lean:34:8: declaration uses `sorry`",
   "level": "warning"},
  {"message":
   "Props2Theories/A_Logic/C_Equality/Task.lean:38:8: declaration uses `sorry`",
   "level": "warning"},
  {"message":
   "Props2Theories/A_Logic/C_Equality/Task.lean:39:8: declaration uses `sorry`",
   "level": "warning"},
  {"message":
   "Props2Theories/A_Logic/C_Equality/Task.lean:42:8: declaration uses `sorry`",
   "level": "warning"},
  {"message":
   "Props2Theories/A_Logic/C_Equality/Task.lean:44:8: declaration uses `sorry`",
   "level": "warning"},
  {"message":
   "Props2Theories/A_Logic/C_Equality/Task.lean:49:8: declaration uses `sorry`",
   "level": "warning"},
  {"message":
   "Props2Theories/A_Logic/C_Equality/Task.lean:50:8: declaration uses `sorry`",
   "level": "warning"},
  {"message":
   "Props2Theories/A_Logic/C_Equality/Task.lean:51:8: declaration uses `sorry`",
   "level": "warning"},
  {"message":
   "Props2Theories/A_Logic/C_Equality/Task.lean:52:8: declaration uses `sorry`",
   "level": "warning"},
  {"message":
   "Props2Theories/A_Logic/C_Equality/Task.lean:54:8: declaration uses `sorry`",
   "level": "warning"},
  {"message":
   "Props2Theories/A_Logic/C_Equality/Task.lean:55:8: declaration uses `sorry`",
   "level": "warning"}],
 "inputs":
 [["Props2Theories.A_Logic.C_Equality.Task:deps",
   [["deps",
     [["Props2Theories/Props2Theories:extraDep",
       [["@Props2Theories:extraDep", "00000000000006bb"]]],
      ["imports",
       [["Props2Theories.A_Logic.A_Props.Task transitive imports (legacy)",
         "ac5fde31153b2639"],
        ["Props2Theories.A_Logic.A_Props.Task:importAllArts",
         "c03d20c154a3951b"],
        ["Props2Theories.TacticNames transitive imports (legacy)",
         "00000000000006bb"],
        ["Props2Theories.TacticNames:importAllArts", "f00e17ef7ded015f"]]]]],
    ["libs",
     [["import dynlibs", "00000000000006bb"],
      ["package external libraries", "00000000000006bb"],
      ["module dynlibs", "00000000000006bb"],
      ["module plugins", "00000000000006bb"]]]]],
  ["Lean 4.29.1, commit f72c35b3f637c8c6571d353742168ab66cc22c00",
   "fa77a35a41db35c0"],
  ["/home/igor/ComputerScience/Props2Theories/Props2Theories/A_Logic/C_Equality/Task.lean",
   "890c8f3e22ccd213"],
  ["options", "00000000000006bb"],
  ["isModule: false", "feefd2a0d3a1847e"],
  ["Module.name: Props2Theories.A_Logic.C_Equality.Task", "7e7bde035fcae227"],
  ["Package.id?: (some Props2Theories)", "bf69640ed8a43e05"],
  ["Module.leanArgs: #[]", "00000000000006bb"]],
 "depHash": "d15cfae490b48e4b"}