{"synthetic": false,
 "schemaVersion": "2025-09-10",
 "outputs":
 {"o": ["a1231ddb5dc52d11.olean"],
  "i": "01f9b09949128b09.ilean",
  "c": "61a13d843ce2410f.c"},
 "log":
 [{"message":
   ".> LEAN_PATH=/home/igor/ComputerScience/Props2Theories/.lake/build/lib/lean /home/igor/.elan/toolchains/leanprover--lean4---v4.29.1/bin/lean /home/igor/ComputerScience/Props2Theories/Props2Theories/B_Set/B_Set_Algebra/SetSynt.lean -o /home/igor/ComputerScience/Props2Theories/.lake/build/lib/lean/Props2Theories/B_Set/B_Set_Algebra/SetSynt.olean -i /home/igor/ComputerScience/Props2Theories/.lake/build/lib/lean/Props2Theories/B_Set/B_Set_Algebra/SetSynt.ilean -c /home/igor/ComputerScience/Props2Theories/.lake/build/ir/Props2Theories/B_Set/B_Set_Algebra/SetSynt.c --setup /home/igor/ComputerScience/Props2Theories/.lake/build/ir/Props2Theories/B_Set/B_Set_Algebra/SetSynt.setup.json --json",
   "level": "trace"},
  {"message":
   "Props2Theories/B_Set/B_Set_Algebra/SetSynt.lean:41:0: {a, b} ∪ {c} : Set",
   "level": "info"},
  {"message":
   "Props2Theories/B_Set/B_Set_Algebra/SetSynt.lean:42:0: ({a, b} ∪ {c}) ∪ {d} : Set",
   "level": "info"},
  {"message":
   "Props2Theories/B_Set/B_Set_Algebra/SetSynt.lean:43:0: ((({a, b} ∪ {c}) ∪ {d}) ∪ {e}) ∪ {f} : Set",
   "level": "info"}],
 "inputs":
 [["Props2Theories.B_Set.B_Set_Algebra.SetSynt:deps",
   [["deps",
     [["Props2Theories/Props2Theories:extraDep",
       [["@Props2Theories:extraDep", "00000000000006bb"]]],
      ["imports",
       [["Props2Theories.B_Set.A_Constructions.Task transitive imports (legacy)",
         "2fa0ec5d1df1e432"],
        ["Props2Theories.B_Set.A_Constructions.Task:importAllArts",
         "1131419301876d0c"],
        ["Props2Theories.B_Set.B_Set_Algebra.Task transitive imports (legacy)",
         "0085455350a3eca3"],
        ["Props2Theories.B_Set.B_Set_Algebra.Task:importAllArts",
         "3775457b7f01d4e6"]]]]],
    ["libs",
     [["import dynlibs", "00000000000006bb"],
      ["package external libraries", "00000000000006bb"],
      ["module dynlibs", "00000000000006bb"],
      ["module plugins", "00000000000006bb"]]]]],
  ["Lean 4.29.1, commit f72c35b3f637c8c6571d353742168ab66cc22c00",
   "fa77a35a41db35c0"],
  ["/home/igor/ComputerScience/Props2Theories/Props2Theories/B_Set/B_Set_Algebra/SetSynt.lean",
   "1e4067973a20821a"],
  ["options", "00000000000006bb"],
  ["isModule: false", "feefd2a0d3a1847e"],
  ["Module.name: Props2Theories.B_Set.B_Set_Algebra.SetSynt",
   "079f0b629e2c6d0c"],
  ["Package.id?: (some Props2Theories)", "bf69640ed8a43e05"],
  ["Module.leanArgs: #[]", "00000000000006bb"]],
 "depHash": "bb2206057182b6e8"}