{"synthetic": false,
 "schemaVersion": "2025-09-10",
 "outputs":
 {"o": ["df5e0a6735f6b872.olean"],
  "i": "77359b99dbc21b34.ilean",
  "c": "1587e0fc1e222f16.c"},
 "log":
 [{"message":
   ".> LEAN_PATH=/home/igor/ComputerScience/Props2Theories/.lake/build/lib/lean /home/igor/.elan/toolchains/leanprover--lean4---v4.29.1/bin/lean /home/igor/ComputerScience/Props2Theories/Props2Theories/B_Set/B_Set_Algebra/Task.lean -o /home/igor/ComputerScience/Props2Theories/.lake/build/lib/lean/Props2Theories/B_Set/B_Set_Algebra/Task.olean -i /home/igor/ComputerScience/Props2Theories/.lake/build/lib/lean/Props2Theories/B_Set/B_Set_Algebra/Task.ilean -c /home/igor/ComputerScience/Props2Theories/.lake/build/ir/Props2Theories/B_Set/B_Set_Algebra/Task.c --setup /home/igor/ComputerScience/Props2Theories/.lake/build/ir/Props2Theories/B_Set/B_Set_Algebra/Task.setup.json --json",
   "level": "trace"},
  {"message":
   "Props2Theories/B_Set/B_Set_Algebra/Task.lean:21:8: declaration uses `sorry`",
   "level": "warning"},
  {"message":
   "Props2Theories/B_Set/B_Set_Algebra/Task.lean:22:8: declaration uses `sorry`",
   "level": "warning"},
  {"message":
   "Props2Theories/B_Set/B_Set_Algebra/Task.lean:23:8: declaration uses `sorry`",
   "level": "warning"},
  {"message":
   "Props2Theories/B_Set/B_Set_Algebra/Task.lean:24:8: declaration uses `sorry`",
   "level": "warning"},
  {"message":
   "Props2Theories/B_Set/B_Set_Algebra/Task.lean:27:8: declaration uses `sorry`",
   "level": "warning"},
  {"message":
   "Props2Theories/B_Set/B_Set_Algebra/Task.lean:28:8: declaration uses `sorry`",
   "level": "warning"},
  {"message":
   "Props2Theories/B_Set/B_Set_Algebra/Task.lean:29:8: declaration uses `sorry`",
   "level": "warning"},
  {"message":
   "Props2Theories/B_Set/B_Set_Algebra/Task.lean:30:8: declaration uses `sorry`",
   "level": "warning"},
  {"message":
   "Props2Theories/B_Set/B_Set_Algebra/Task.lean:31:8: declaration uses `sorry`",
   "level": "warning"},
  {"message":
   "Props2Theories/B_Set/B_Set_Algebra/Task.lean:32:8: declaration uses `sorry`",
   "level": "warning"},
  {"message":
   "Props2Theories/B_Set/B_Set_Algebra/Task.lean:33:8: declaration uses `sorry`",
   "level": "warning"},
  {"message":
   "Props2Theories/B_Set/B_Set_Algebra/Task.lean:34:8: declaration uses `sorry`",
   "level": "warning"},
  {"message":
   "Props2Theories/B_Set/B_Set_Algebra/Task.lean:35:8: declaration uses `sorry`",
   "level": "warning"},
  {"message":
   "Props2Theories/B_Set/B_Set_Algebra/Task.lean:38:8: declaration uses `sorry`",
   "level": "warning"},
  {"message":
   "Props2Theories/B_Set/B_Set_Algebra/Task.lean:39:8: declaration uses `sorry`",
   "level": "warning"},
  {"message":
   "Props2Theories/B_Set/B_Set_Algebra/Task.lean:42:8: declaration uses `sorry`",
   "level": "warning"},
  {"message":
   "Props2Theories/B_Set/B_Set_Algebra/Task.lean:43:8: declaration uses `sorry`",
   "level": "warning"},
  {"message":
   "Props2Theories/B_Set/B_Set_Algebra/Task.lean:46:8: declaration uses `sorry`",
   "level": "warning"},
  {"message":
   "Props2Theories/B_Set/B_Set_Algebra/Task.lean:47:8: declaration uses `sorry`",
   "level": "warning"},
  {"message":
   "Props2Theories/B_Set/B_Set_Algebra/Task.lean:48:8: declaration uses `sorry`",
   "level": "warning"},
  {"message":
   "Props2Theories/B_Set/B_Set_Algebra/Task.lean:51:8: declaration uses `sorry`",
   "level": "warning"},
  {"message":
   "Props2Theories/B_Set/B_Set_Algebra/Task.lean:52:8: declaration uses `sorry`",
   "level": "warning"},
  {"message":
   "Props2Theories/B_Set/B_Set_Algebra/Task.lean:53:8: declaration uses `sorry`",
   "level": "warning"},
  {"message":
   "Props2Theories/B_Set/B_Set_Algebra/Task.lean:56:8: declaration uses `sorry`",
   "level": "warning"},
  {"message":
   "Props2Theories/B_Set/B_Set_Algebra/Task.lean:57:8: declaration uses `sorry`",
   "level": "warning"},
  {"message":
   "Props2Theories/B_Set/B_Set_Algebra/Task.lean:60:8: declaration uses `sorry`",
   "level": "warning"},
  {"message":
   "Props2Theories/B_Set/B_Set_Algebra/Task.lean:63:8: declaration uses `sorry`",
   "level": "warning"},
  {"message":
   "Props2Theories/B_Set/B_Set_Algebra/Task.lean:64:8: declaration uses `sorry`",
   "level": "warning"},
  {"message":
   "Props2Theories/B_Set/B_Set_Algebra/Task.lean:65:8: declaration uses `sorry`",
   "level": "warning"},
  {"message":
   "Props2Theories/B_Set/B_Set_Algebra/Task.lean:68:8: declaration uses `sorry`",
   "level": "warning"},
  {"message":
   "Props2Theories/B_Set/B_Set_Algebra/Task.lean:69:8: declaration uses `sorry`",
   "level": "warning"},
  {"message":
   "Props2Theories/B_Set/B_Set_Algebra/Task.lean:70:8: declaration uses `sorry`",
   "level": "warning"},
  {"message":
   "Props2Theories/B_Set/B_Set_Algebra/Task.lean:71:8: declaration uses `sorry`",
   "level": "warning"},
  {"message":
   "Props2Theories/B_Set/B_Set_Algebra/Task.lean:74:8: declaration uses `sorry`",
   "level": "warning"},
  {"message":
   "Props2Theories/B_Set/B_Set_Algebra/Task.lean:75:8: declaration uses `sorry`",
   "level": "warning"},
  {"message":
   "Props2Theories/B_Set/B_Set_Algebra/Task.lean:76:8: declaration uses `sorry`",
   "level": "warning"},
  {"message":
   "Props2Theories/B_Set/B_Set_Algebra/Task.lean:77:8: declaration uses `sorry`",
   "level": "warning"},
  {"message":
   "Props2Theories/B_Set/B_Set_Algebra/Task.lean:78:8: declaration uses `sorry`",
   "level": "warning"},
  {"message":
   "Props2Theories/B_Set/B_Set_Algebra/Task.lean:79:8: declaration uses `sorry`",
   "level": "warning"},
  {"message":
   "Props2Theories/B_Set/B_Set_Algebra/Task.lean:80:8: declaration uses `sorry`",
   "level": "warning"},
  {"message":
   "Props2Theories/B_Set/B_Set_Algebra/Task.lean:81:8: declaration uses `sorry`",
   "level": "warning"},
  {"message":
   "Props2Theories/B_Set/B_Set_Algebra/Task.lean:82:8: declaration uses `sorry`",
   "level": "warning"},
  {"message":
   "Props2Theories/B_Set/B_Set_Algebra/Task.lean:83:8: declaration uses `sorry`",
   "level": "warning"},
  {"message":
   "Props2Theories/B_Set/B_Set_Algebra/Task.lean:86:8: declaration uses `sorry`",
   "level": "warning"},
  {"message":
   "Props2Theories/B_Set/B_Set_Algebra/Task.lean:89:8: declaration uses `sorry`",
   "level": "warning"},
  {"message":
   "Props2Theories/B_Set/B_Set_Algebra/Task.lean:92:8: declaration uses `sorry`",
   "level": "warning"},
  {"message":
   "Props2Theories/B_Set/B_Set_Algebra/Task.lean:93:8: declaration uses `sorry`",
   "level": "warning"},
  {"message":
   "Props2Theories/B_Set/B_Set_Algebra/Task.lean:94:8: declaration uses `sorry`",
   "level": "warning"},
  {"message":
   "Props2Theories/B_Set/B_Set_Algebra/Task.lean:95:8: declaration uses `sorry`",
   "level": "warning"},
  {"message":
   "Props2Theories/B_Set/B_Set_Algebra/Task.lean:96:8: declaration uses `sorry`",
   "level": "warning"},
  {"message":
   "Props2Theories/B_Set/B_Set_Algebra/Task.lean:97:8: declaration uses `sorry`",
   "level": "warning"}],
 "inputs":
 [["Props2Theories.B_Set.B_Set_Algebra.Task:deps",
   [["deps",
     [["Props2Theories/Props2Theories:extraDep",
       [["@Props2Theories:extraDep", "00000000000006bb"]]],
      ["imports",
       [["Props2Theories.A_Logic.A_Props.Task transitive imports (legacy)",
         "ac5fde31153b2639"],
        ["Props2Theories.A_Logic.A_Props.Task:importAllArts",
         "00008a1068eee7a7"],
        ["Props2Theories.B_Set.A_Constructions.Task transitive imports (legacy)",
         "2fa0ec5d1df1e432"],
        ["Props2Theories.B_Set.A_Constructions.Task:importAllArts",
         "add9189f2d40c04f"]]]]],
    ["libs",
     [["import dynlibs", "00000000000006bb"],
      ["package external libraries", "00000000000006bb"],
      ["module dynlibs", "00000000000006bb"],
      ["module plugins", "00000000000006bb"]]]]],
  ["Lean 4.29.1, commit f72c35b3f637c8c6571d353742168ab66cc22c00",
   "fa77a35a41db35c0"],
  ["/home/igor/ComputerScience/Props2Theories/Props2Theories/B_Set/B_Set_Algebra/Task.lean",
   "2b6b3a1f5c23688e"],
  ["options", "00000000000006bb"],
  ["isModule: false", "feefd2a0d3a1847e"],
  ["Module.name: Props2Theories.B_Set.B_Set_Algebra.Task", "ee61b974b85c0122"],
  ["Package.id?: (some Props2Theories)", "bf69640ed8a43e05"],
  ["Module.leanArgs: #[]", "00000000000006bb"]],
 "depHash": "60bf94369565e043"}