{"synthetic": false,
 "schemaVersion": "2025-09-10",
 "outputs":
 {"o": ["34c5e7aa89615aff.olean"],
  "i": "7f83e258065b3f18.ilean",
  "c": "c252d34544b00b35.c"},
 "log":
 [{"message":
   ".> LEAN_PATH=/home/igor/ComputerScience/Props2Theories/.lake/build/lib/lean /home/igor/.elan/toolchains/leanprover--lean4---v4.29.1/bin/lean /home/igor/ComputerScience/Props2Theories/Props2Theories/A_Logic/B_Quants/Task.lean -o /home/igor/ComputerScience/Props2Theories/.lake/build/lib/lean/Props2Theories/A_Logic/B_Quants/Task.olean -i /home/igor/ComputerScience/Props2Theories/.lake/build/lib/lean/Props2Theories/A_Logic/B_Quants/Task.ilean -c /home/igor/ComputerScience/Props2Theories/.lake/build/ir/Props2Theories/A_Logic/B_Quants/Task.c --setup /home/igor/ComputerScience/Props2Theories/.lake/build/ir/Props2Theories/A_Logic/B_Quants/Task.setup.json --json",
   "level": "trace"},
  {"message":
   "Props2Theories/A_Logic/B_Quants/Task.lean:5:8: declaration uses `sorry`",
   "level": "warning"},
  {"message":
   "Props2Theories/A_Logic/B_Quants/Task.lean:8:8: declaration uses `sorry`",
   "level": "warning"},
  {"message":
   "Props2Theories/A_Logic/B_Quants/Task.lean:9:8: declaration uses `sorry`",
   "level": "warning"},
  {"message":
   "Props2Theories/A_Logic/B_Quants/Task.lean:10:8: declaration uses `sorry`",
   "level": "warning"},
  {"message":
   "Props2Theories/A_Logic/B_Quants/Task.lean:11:8: declaration uses `sorry`",
   "level": "warning"},
  {"message":
   "Props2Theories/A_Logic/B_Quants/Task.lean:12:8: declaration uses `sorry`",
   "level": "warning"},
  {"message":
   "Props2Theories/A_Logic/B_Quants/Task.lean:16:8: declaration uses `sorry`",
   "level": "warning"},
  {"message":
   "Props2Theories/A_Logic/B_Quants/Task.lean:17:8: declaration uses `sorry`",
   "level": "warning"},
  {"message":
   "Props2Theories/A_Logic/B_Quants/Task.lean:21:8: declaration uses `sorry`",
   "level": "warning"},
  {"message":
   "Props2Theories/A_Logic/B_Quants/Task.lean:22:8: declaration uses `sorry`",
   "level": "warning"},
  {"message":
   "Props2Theories/A_Logic/B_Quants/Task.lean:26:8: declaration uses `sorry`",
   "level": "warning"},
  {"message":
   "Props2Theories/A_Logic/B_Quants/Task.lean:30:8: declaration uses `sorry`",
   "level": "warning"},
  {"message":
   "Props2Theories/A_Logic/B_Quants/Task.lean:31:8: declaration uses `sorry`",
   "level": "warning"},
  {"message":
   "Props2Theories/A_Logic/B_Quants/Task.lean:35:8: declaration uses `sorry`",
   "level": "warning"},
  {"message":
   "Props2Theories/A_Logic/B_Quants/Task.lean:36:8: declaration uses `sorry`",
   "level": "warning"},
  {"message":
   "Props2Theories/A_Logic/B_Quants/Task.lean:40:8: declaration uses `sorry`",
   "level": "warning"},
  {"message":
   "Props2Theories/A_Logic/B_Quants/Task.lean:41:8: declaration uses `sorry`",
   "level": "warning"},
  {"message":
   "Props2Theories/A_Logic/B_Quants/Task.lean:42:8: declaration uses `sorry`",
   "level": "warning"},
  {"message":
   "Props2Theories/A_Logic/B_Quants/Task.lean:43:8: declaration uses `sorry`",
   "level": "warning"},
  {"message":
   "Props2Theories/A_Logic/B_Quants/Task.lean:44:8: declaration uses `sorry`",
   "level": "warning"},
  {"message":
   "Props2Theories/A_Logic/B_Quants/Task.lean:45:8: declaration uses `sorry`",
   "level": "warning"},
  {"message":
   "Props2Theories/A_Logic/B_Quants/Task.lean:46:8: declaration uses `sorry`",
   "level": "warning"},
  {"message":
   "Props2Theories/A_Logic/B_Quants/Task.lean:47:8: declaration uses `sorry`",
   "level": "warning"},
  {"message":
   "Props2Theories/A_Logic/B_Quants/Task.lean:55:8: declaration uses `sorry`",
   "level": "warning"},
  {"message":
   "Props2Theories/A_Logic/B_Quants/Task.lean:59:8: declaration uses `sorry`",
   "level": "warning"},
  {"message":
   "Props2Theories/A_Logic/B_Quants/Task.lean:63:8: declaration uses `sorry`",
   "level": "warning"},
  {"message":
   "Props2Theories/A_Logic/B_Quants/Task.lean:64:8: declaration uses `sorry`",
   "level": "warning"},
  {"message":
   "Props2Theories/A_Logic/B_Quants/Task.lean:68:8: declaration uses `sorry`",
   "level": "warning"},
  {"message":
   "Props2Theories/A_Logic/B_Quants/Task.lean:72:8: declaration uses `sorry`",
   "level": "warning"},
  {"message":
   "Props2Theories/A_Logic/B_Quants/Task.lean:73:8: declaration uses `sorry`",
   "level": "warning"},
  {"message":
   "Props2Theories/A_Logic/B_Quants/Task.lean:74:8: declaration uses `sorry`",
   "level": "warning"},
  {"message":
   "Props2Theories/A_Logic/B_Quants/Task.lean:79:8: declaration uses `sorry`",
   "level": "warning"}],
 "inputs":
 [["Props2Theories.A_Logic.B_Quants.Task:deps",
   [["deps",
     [["Props2Theories/Props2Theories:extraDep",
       [["@Props2Theories:extraDep", "00000000000006bb"]]],
      ["imports",
       [["Props2Theories.TacticNames transitive imports (legacy)",
         "00000000000006bb"],
        ["Props2Theories.TacticNames:importAllArts", "f00e17ef7ded015f"],
        ["Props2Theories.A_Logic.A_Props.Task transitive imports (legacy)",
         "ac5fde31153b2639"],
        ["Props2Theories.A_Logic.A_Props.Task:importAllArts",
         "c03d20c154a3951b"]]]]],
    ["libs",
     [["import dynlibs", "00000000000006bb"],
      ["package external libraries", "00000000000006bb"],
      ["module dynlibs", "00000000000006bb"],
      ["module plugins", "00000000000006bb"]]]]],
  ["Lean 4.29.1, commit f72c35b3f637c8c6571d353742168ab66cc22c00",
   "fa77a35a41db35c0"],
  ["/home/igor/ComputerScience/Props2Theories/Props2Theories/A_Logic/B_Quants/Task.lean",
   "e4a10c68078fc648"],
  ["options", "00000000000006bb"],
  ["isModule: false", "feefd2a0d3a1847e"],
  ["Module.name: Props2Theories.A_Logic.B_Quants.Task", "0a1a385cf99fd87d"],
  ["Package.id?: (some Props2Theories)", "bf69640ed8a43e05"],
  ["Module.leanArgs: #[]", "00000000000006bb"]],
 "depHash": "3a9262dcadd1bfa4"}