{"synthetic": false,
 "schemaVersion": "2025-09-10",
 "outputs":
 {"o": ["e004abc36060d3bb.olean"],
  "i": "c757b03272c72b67.ilean",
  "c": "435f58aaf596fbf7.c"},
 "log":
 [{"message":
   ".> LEAN_PATH=/home/igor/ComputerScience/Props2Theories/.lake/build/lib/lean /home/igor/.elan/toolchains/leanprover--lean4---v4.29.1/bin/lean /home/igor/ComputerScience/Props2Theories/Props2Theories/B_Set/A_Constructions/Task.lean -o /home/igor/ComputerScience/Props2Theories/.lake/build/lib/lean/Props2Theories/B_Set/A_Constructions/Task.olean -i /home/igor/ComputerScience/Props2Theories/.lake/build/lib/lean/Props2Theories/B_Set/A_Constructions/Task.ilean -c /home/igor/ComputerScience/Props2Theories/.lake/build/ir/Props2Theories/B_Set/A_Constructions/Task.c --setup /home/igor/ComputerScience/Props2Theories/.lake/build/ir/Props2Theories/B_Set/A_Constructions/Task.setup.json --json",
   "level": "trace"},
  {"message":
   "Props2Theories/B_Set/A_Constructions/Task.lean:5:8: declaration uses `sorry`",
   "level": "warning"},
  {"message":
   "Props2Theories/B_Set/A_Constructions/Task.lean:6:8: declaration uses `sorry`",
   "level": "warning"},
  {"message":
   "Props2Theories/B_Set/A_Constructions/Task.lean:9:8: declaration uses `sorry`",
   "level": "warning"},
  {"message":
   "Props2Theories/B_Set/A_Constructions/Task.lean:20:8: declaration uses `sorry`",
   "level": "warning"},
  {"message":
   "Props2Theories/B_Set/A_Constructions/Task.lean:21:8: declaration uses `sorry`",
   "level": "warning"},
  {"message":
   "Props2Theories/B_Set/A_Constructions/Task.lean:27:8: declaration uses `sorry`",
   "level": "warning"},
  {"message":
   "Props2Theories/B_Set/A_Constructions/Task.lean:28:8: declaration uses `sorry`",
   "level": "warning"},
  {"message":
   "Props2Theories/B_Set/A_Constructions/Task.lean:35:8: declaration uses `sorry`",
   "level": "warning"},
  {"message":
   "Props2Theories/B_Set/A_Constructions/Task.lean:36:8: declaration uses `sorry`",
   "level": "warning"},
  {"message":
   "Props2Theories/B_Set/A_Constructions/Task.lean:37:8: declaration uses `sorry`",
   "level": "warning"},
  {"message":
   "Props2Theories/B_Set/A_Constructions/Task.lean:40:8: declaration uses `sorry`",
   "level": "warning"},
  {"message":
   "Props2Theories/B_Set/A_Constructions/Task.lean:41:8: declaration uses `sorry`",
   "level": "warning"},
  {"message":
   "Props2Theories/B_Set/A_Constructions/Task.lean:48:8: declaration uses `sorry`",
   "level": "warning"},
  {"message":
   "Props2Theories/B_Set/A_Constructions/Task.lean:49:8: declaration uses `sorry`",
   "level": "warning"},
  {"message":
   "Props2Theories/B_Set/A_Constructions/Task.lean:50:8: declaration uses `sorry`",
   "level": "warning"},
  {"message":
   "Props2Theories/B_Set/A_Constructions/Task.lean:51:8: declaration uses `sorry`",
   "level": "warning"},
  {"message":
   "Props2Theories/B_Set/A_Constructions/Task.lean:52:8: declaration uses `sorry`",
   "level": "warning"},
  {"message":
   "Props2Theories/B_Set/A_Constructions/Task.lean:53:8: declaration uses `sorry`",
   "level": "warning"},
  {"message":
   "Props2Theories/B_Set/A_Constructions/Task.lean:54:8: declaration uses `sorry`",
   "level": "warning"},
  {"message":
   "Props2Theories/B_Set/A_Constructions/Task.lean:55:8: declaration uses `sorry`",
   "level": "warning"},
  {"message":
   "Props2Theories/B_Set/A_Constructions/Task.lean:58:8: declaration uses `sorry`",
   "level": "warning"},
  {"message":
   "Props2Theories/B_Set/A_Constructions/Task.lean:65:8: declaration uses `sorry`",
   "level": "warning"},
  {"message":
   "Props2Theories/B_Set/A_Constructions/Task.lean:66:8: declaration uses `sorry`",
   "level": "warning"},
  {"message":
   "Props2Theories/B_Set/A_Constructions/Task.lean:67:8: declaration uses `sorry`",
   "level": "warning"},
  {"message":
   "Props2Theories/B_Set/A_Constructions/Task.lean:68:8: declaration uses `sorry`",
   "level": "warning"},
  {"message":
   "Props2Theories/B_Set/A_Constructions/Task.lean:69:8: declaration uses `sorry`",
   "level": "warning"},
  {"message":
   "Props2Theories/B_Set/A_Constructions/Task.lean:70:8: declaration uses `sorry`",
   "level": "warning"},
  {"message":
   "Props2Theories/B_Set/A_Constructions/Task.lean:73:8: declaration uses `sorry`",
   "level": "warning"},
  {"message":
   "Props2Theories/B_Set/A_Constructions/Task.lean:96:8: declaration uses `sorry`",
   "level": "warning"},
  {"message":
   "Props2Theories/B_Set/A_Constructions/Task.lean:97:8: declaration uses `sorry`",
   "level": "warning"},
  {"message":
   "Props2Theories/B_Set/A_Constructions/Task.lean:101:8: declaration uses `sorry`",
   "level": "warning"},
  {"message":
   "Props2Theories/B_Set/A_Constructions/Task.lean:108:8: declaration uses `sorry`",
   "level": "warning"},
  {"message":
   "Props2Theories/B_Set/A_Constructions/Task.lean:109:8: declaration uses `sorry`",
   "level": "warning"},
  {"message":
   "Props2Theories/B_Set/A_Constructions/Task.lean:110:8: declaration uses `sorry`",
   "level": "warning"},
  {"message":
   "Props2Theories/B_Set/A_Constructions/Task.lean:111:8: declaration uses `sorry`",
   "level": "warning"},
  {"message":
   "Props2Theories/B_Set/A_Constructions/Task.lean:112:8: declaration uses `sorry`",
   "level": "warning"},
  {"message":
   "Props2Theories/B_Set/A_Constructions/Task.lean:113:8: declaration uses `sorry`",
   "level": "warning"},
  {"message":
   "Props2Theories/B_Set/A_Constructions/Task.lean:120:8: declaration uses `sorry`",
   "level": "warning"},
  {"message":
   "Props2Theories/B_Set/A_Constructions/Task.lean:121:8: declaration uses `sorry`",
   "level": "warning"},
  {"message":
   "Props2Theories/B_Set/A_Constructions/Task.lean:122:8: declaration uses `sorry`",
   "level": "warning"},
  {"message":
   "Props2Theories/B_Set/A_Constructions/Task.lean:123:8: declaration uses `sorry`",
   "level": "warning"},
  {"message":
   "Props2Theories/B_Set/A_Constructions/Task.lean:124:8: declaration uses `sorry`",
   "level": "warning"},
  {"message":
   "Props2Theories/B_Set/A_Constructions/Task.lean:125:8: declaration uses `sorry`",
   "level": "warning"},
  {"message":
   "Props2Theories/B_Set/A_Constructions/Task.lean:128:8: declaration uses `sorry`",
   "level": "warning"},
  {"message":
   "Props2Theories/B_Set/A_Constructions/Task.lean:129:8: declaration uses `sorry`",
   "level": "warning"},
  {"message":
   "Props2Theories/B_Set/A_Constructions/Task.lean:132:8: declaration uses `sorry`",
   "level": "warning"},
  {"message":
   "Props2Theories/B_Set/A_Constructions/Task.lean:139:8: declaration uses `sorry`",
   "level": "warning"},
  {"message":
   "Props2Theories/B_Set/A_Constructions/Task.lean:140:8: declaration uses `sorry`",
   "level": "warning"},
  {"message":
   "Props2Theories/B_Set/A_Constructions/Task.lean:141:8: declaration uses `sorry`",
   "level": "warning"},
  {"message":
   "Props2Theories/B_Set/A_Constructions/Task.lean:142:8: declaration uses `sorry`",
   "level": "warning"},
  {"message":
   "Props2Theories/B_Set/A_Constructions/Task.lean:143:8: declaration uses `sorry`",
   "level": "warning"},
  {"message":
   "Props2Theories/B_Set/A_Constructions/Task.lean:144:8: declaration uses `sorry`",
   "level": "warning"},
  {"message":
   "Props2Theories/B_Set/A_Constructions/Task.lean:145:8: declaration uses `sorry`",
   "level": "warning"},
  {"message":
   "Props2Theories/B_Set/A_Constructions/Task.lean:146:8: declaration uses `sorry`",
   "level": "warning"},
  {"message":
   "Props2Theories/B_Set/A_Constructions/Task.lean:147:8: declaration uses `sorry`",
   "level": "warning"},
  {"message":
   "Props2Theories/B_Set/A_Constructions/Task.lean:148:8: declaration uses `sorry`",
   "level": "warning"},
  {"message":
   "Props2Theories/B_Set/A_Constructions/Task.lean:152:8: declaration uses `sorry`",
   "level": "warning"},
  {"message":
   "Props2Theories/B_Set/A_Constructions/Task.lean:167:8: declaration uses `sorry`",
   "level": "warning"},
  {"message":
   "Props2Theories/B_Set/A_Constructions/Task.lean:168:8: declaration uses `sorry`",
   "level": "warning"},
  {"message":
   "Props2Theories/B_Set/A_Constructions/Task.lean:169:8: declaration uses `sorry`",
   "level": "warning"},
  {"message":
   "Props2Theories/B_Set/A_Constructions/Task.lean:170:8: declaration uses `sorry`",
   "level": "warning"},
  {"message":
   "Props2Theories/B_Set/A_Constructions/Task.lean:171:8: declaration uses `sorry`",
   "level": "warning"},
  {"message":
   "Props2Theories/B_Set/A_Constructions/Task.lean:174:8: declaration uses `sorry`",
   "level": "warning"},
  {"message":
   "Props2Theories/B_Set/A_Constructions/Task.lean:181:8: declaration uses `sorry`",
   "level": "warning"},
  {"message":
   "Props2Theories/B_Set/A_Constructions/Task.lean:182:8: declaration uses `sorry`",
   "level": "warning"},
  {"message":
   "Props2Theories/B_Set/A_Constructions/Task.lean:183:8: declaration uses `sorry`",
   "level": "warning"},
  {"message":
   "Props2Theories/B_Set/A_Constructions/Task.lean:184:8: declaration uses `sorry`",
   "level": "warning"},
  {"message":
   "Props2Theories/B_Set/A_Constructions/Task.lean:185:8: declaration uses `sorry`",
   "level": "warning"},
  {"message":
   "Props2Theories/B_Set/A_Constructions/Task.lean:186:8: declaration uses `sorry`",
   "level": "warning"},
  {"message":
   "Props2Theories/B_Set/A_Constructions/Task.lean:187:8: declaration uses `sorry`",
   "level": "warning"},
  {"message":
   "Props2Theories/B_Set/A_Constructions/Task.lean:188:8: declaration uses `sorry`",
   "level": "warning"},
  {"message":
   "Props2Theories/B_Set/A_Constructions/Task.lean:195:8: declaration uses `sorry`",
   "level": "warning"},
  {"message":
   "Props2Theories/B_Set/A_Constructions/Task.lean:196:8: declaration uses `sorry`",
   "level": "warning"},
  {"message":
   "Props2Theories/B_Set/A_Constructions/Task.lean:197:8: declaration uses `sorry`",
   "level": "warning"},
  {"message":
   "Props2Theories/B_Set/A_Constructions/Task.lean:198:8: declaration uses `sorry`",
   "level": "warning"},
  {"message":
   "Props2Theories/B_Set/A_Constructions/Task.lean:199:8: declaration uses `sorry`",
   "level": "warning"},
  {"message":
   "Props2Theories/B_Set/A_Constructions/Task.lean:200:8: declaration uses `sorry`",
   "level": "warning"},
  {"message":
   "Props2Theories/B_Set/A_Constructions/Task.lean:207:8: declaration uses `sorry`",
   "level": "warning"},
  {"message":
   "Props2Theories/B_Set/A_Constructions/Task.lean:208:8: declaration uses `sorry`",
   "level": "warning"},
  {"message":
   "Props2Theories/B_Set/A_Constructions/Task.lean:209:8: declaration uses `sorry`",
   "level": "warning"},
  {"message":
   "Props2Theories/B_Set/A_Constructions/Task.lean:219:8: declaration uses `sorry`",
   "level": "warning"},
  {"message":
   "Props2Theories/B_Set/A_Constructions/Task.lean:220:8: declaration uses `sorry`",
   "level": "warning"},
  {"message":
   "Props2Theories/B_Set/A_Constructions/Task.lean:223:8: declaration uses `sorry`",
   "level": "warning"},
  {"message":
   "Props2Theories/B_Set/A_Constructions/Task.lean:240:8: declaration uses `sorry`",
   "level": "warning"},
  {"message":
   "Props2Theories/B_Set/A_Constructions/Task.lean:241:8: declaration uses `sorry`",
   "level": "warning"}],
 "inputs":
 [["Props2Theories.B_Set.A_Constructions.Task:deps",
   [["deps",
     [["Props2Theories/Props2Theories:extraDep",
       [["@Props2Theories:extraDep", "00000000000006bb"]]],
      ["imports",
       [["Props2Theories.Axioms transitive imports (legacy)",
         "ac5fde31153b2639"],
        ["Props2Theories.Axioms:importAllArts", "73f36a1216f26472"]]]]],
    ["libs",
     [["import dynlibs", "00000000000006bb"],
      ["package external libraries", "00000000000006bb"],
      ["module dynlibs", "00000000000006bb"],
      ["module plugins", "00000000000006bb"]]]]],
  ["Lean 4.29.1, commit f72c35b3f637c8c6571d353742168ab66cc22c00",
   "fa77a35a41db35c0"],
  ["/home/igor/ComputerScience/Props2Theories/Props2Theories/B_Set/A_Constructions/Task.lean",
   "ccda8ebcb3d7b9cc"],
  ["options", "00000000000006bb"],
  ["isModule: false", "feefd2a0d3a1847e"],
  ["Module.name: Props2Theories.B_Set.A_Constructions.Task",
   "ccb8ede857390b4b"],
  ["Package.id?: (some Props2Theories)", "bf69640ed8a43e05"],
  ["Module.leanArgs: #[]", "00000000000006bb"]],
 "depHash": "a8567210b3f63eea"}